\BOOKMARK [1][-]{section.1}{\376\377\133\236\232\214\166\356\166\204\116\016\121\205\133\271}{}% 1
\BOOKMARK [1][-]{section.2}{\376\377\127\372\147\054\133\236\232\214\123\237\164\006}{}% 2
\BOOKMARK [2][-]{subsection.2.1}{\376\377\117\341\123\367\156\220\124\214\171\072\154\342\126\150}{section.2}% 3
\BOOKMARK [2][-]{subsection.2.2}{\376\377\000T\000P\000C\000\040\133\236\232\214\210\305\177\156}{section.2}% 4
\BOOKMARK [2][-]{subsection.2.3}{\376\377\000D\211\346\123\321\126\150}{section.2}% 5
\BOOKMARK [2][-]{subsection.2.4}{\376\377\163\257\137\142\143\057\203\141\126\150}{section.2}% 6
\BOOKMARK [1][-]{section.3}{\376\377\145\271\150\110\133\236\163\260\116\016\155\113\213\325}{}% 7
\BOOKMARK [2][-]{subsection.3.1}{\376\377\117\341\123\367\156\220\124\214\171\072\154\342\126\150}{section.3}% 8
\BOOKMARK [2][-]{subsection.3.2}{\376\377\000D\211\346\123\321\126\150\143\247\122\066\000L\000E\000D}{section.3}% 9
\BOOKMARK [2][-]{subsection.3.3}{\376\377\0008\153\265\145\160\170\001\173\241\166\204\146\076\171\072}{section.3}% 10
\BOOKMARK [2][-]{subsection.3.4}{\376\377\163\257\137\142\143\057\203\141\126\150}{section.3}% 11
\BOOKMARK [2][-]{subsection.3.5}{\376\377\000V\000i\000v\000a\000d\000o\000\040\137\000\123\321\122\035\143\242}{section.3}% 12
\BOOKMARK [3][-]{subsubsection.3.5.1}{\376\377\210\114\116\072\116\377\167\037}{subsection.3.5}% 13
\BOOKMARK [3][-]{subsubsection.3.5.2}{\376\377\000R\000T\000L\176\247\165\065\215\357}{subsection.3.5}% 14
\BOOKMARK [3][-]{subsubsection.3.5.3}{\376\377\170\154\116\366\133\236\163\260}{subsection.3.5}% 15
\BOOKMARK [3][-]{subsubsection.3.5.4}{\376\377\121\166\116\326\135\345\117\134}{subsection.3.5}% 16
\BOOKMARK [1][-]{section.4}{\376\377\143\320\232\330\116\016\122\033\145\260\170\024\172\166}{}% 17
\BOOKMARK [2][-]{subsection.4.1}{\376\377\123\314\202\162\160\271\226\065\123\321\121\111\116\214\147\201\173\241\146\076\171\072\143\247\122\066}{section.4}% 18
\BOOKMARK [2][-]{subsection.4.2}{\376\377\000V\000i\000v\000a\000d\000o\000\040\137\000\123\321\213\276\213\241}{section.4}% 19
\BOOKMARK [1][-]{section.5}{\376\377\122\006\147\220\116\016\140\073\176\323}{}% 20
\BOOKMARK [1][-]{section.5}{\376\377\123\302\200\003\145\207\163\056}{}% 21
